Determining if the pthread_create exist failed with the following output:
Change Dir: /home/xu/Desktop/github_ws/build/CMakeFiles/CMakeTmp

Run Build Command:"/usr/bin/make" "cmTC_a2612/fast"
/usr/bin/make -f CMakeFiles/cmTC_a2612.dir/build.make CMakeFiles/cmTC_a2612.dir/build
make[1]: Entering directory '/home/xu/Desktop/github_ws/build/CMakeFiles/CMakeTmp'
Building C object CMakeFiles/cmTC_a2612.dir/CheckSymbolExists.c.o
/usr/bin/cc    -o CMakeFiles/cmTC_a2612.dir/CheckSymbolExists.c.o   -c /home/xu/Desktop/github_ws/build/CMakeFiles/CMakeTmp/CheckSymbolExists.c
Linking C executable cmTC_a2612
/usr/local/bin/cmake -E cmake_link_script CMakeFiles/cmTC_a2612.dir/link.txt --verbose=1
/usr/bin/cc      -rdynamic CMakeFiles/cmTC_a2612.dir/CheckSymbolExists.c.o  -o cmTC_a2612 
CMakeFiles/cmTC_a2612.dir/CheckSymbolExists.c.o: In function `main':
CheckSymbolExists.c:(.text+0x16): undefined reference to `pthread_create'
collect2: error: ld returned 1 exit status
CMakeFiles/cmTC_a2612.dir/build.make:86: recipe for target 'cmTC_a2612' failed
make[1]: *** [cmTC_a2612] Error 1
make[1]: Leaving directory '/home/xu/Desktop/github_ws/build/CMakeFiles/CMakeTmp'
Makefile:121: recipe for target 'cmTC_a2612/fast' failed
make: *** [cmTC_a2612/fast] Error 2

File /home/xu/Desktop/github_ws/build/CMakeFiles/CMakeTmp/CheckSymbolExists.c:
/* */
#include <pthread.h>

int main(int argc, char** argv)
{
  (void)argv;
#ifndef pthread_create
  return ((int*)(&pthread_create))[argc];
#else
  (void)argc;
  return 0;
#endif
}

Determining if the function pthread_create exists in the pthreads failed with the following output:
Change Dir: /home/xu/Desktop/github_ws/build/CMakeFiles/CMakeTmp

Run Build Command:"/usr/bin/make" "cmTC_28948/fast"
/usr/bin/make -f CMakeFiles/cmTC_28948.dir/build.make CMakeFiles/cmTC_28948.dir/build
make[1]: Entering directory '/home/xu/Desktop/github_ws/build/CMakeFiles/CMakeTmp'
Building C object CMakeFiles/cmTC_28948.dir/CheckFunctionExists.c.o
/usr/bin/cc   -DCHECK_FUNCTION_EXISTS=pthread_create   -o CMakeFiles/cmTC_28948.dir/CheckFunctionExists.c.o   -c /usr/local/share/cmake-3.12/Modules/CheckFunctionExists.c
Linking C executable cmTC_28948
/usr/local/bin/cmake -E cmake_link_script CMakeFiles/cmTC_28948.dir/link.txt --verbose=1
/usr/bin/cc  -DCHECK_FUNCTION_EXISTS=pthread_create    -rdynamic CMakeFiles/cmTC_28948.dir/CheckFunctionExists.c.o  -o cmTC_28948 -lpthreads 
/usr/bin/ld: cannot find -lpthreads
collect2: error: ld returned 1 exit status
CMakeFiles/cmTC_28948.dir/build.make:86: recipe for target 'cmTC_28948' failed
make[1]: *** [cmTC_28948] Error 1
make[1]: Leaving directory '/home/xu/Desktop/github_ws/build/CMakeFiles/CMakeTmp'
Makefile:121: recipe for target 'cmTC_28948/fast' failed
make: *** [cmTC_28948/fast] Error 2


